Using pre-set license
Built from '2020.3/staging' branch; Version is '2020.3.0f1 (c7b5465681fb) revision 13088070'; Using compiler version '192528614'; Build Type 'Release'
OS: 'Windows 10 Home; OS build 22000.978; Version 2009; 64bit' Language: 'sv' Physical Memory: 16150 MB
BatchMode: 1, IsHumanControllingUs: 0, StartBugReporterOnCrash: 0, Is64bit: 1, IsPro: 0

 COMMAND LINE ARGUMENTS:
C:\Program Files\Unity\Hub\Editor\2020.3.0f1\Editor\Unity.exe
-adb2
-batchMode
-noUpm
-name
AssetImportWorker0
-projectPath
C:/Users/sofie/Unity Högskolan i Skövde/Nuclear_Throne_Event
-logFile
Logs/AssetImportWorker0.log
-srvPort
59580
Successfully changed project path to: C:/Users/sofie/Unity Högskolan i Skövde/Nuclear_Throne_Event
C:/Users/sofie/Unity Högskolan i Skövde/Nuclear_Throne_Event
Using Asset Import Pipeline V2.
Refreshing native plugins compatible for Editor in 33.25 ms, found 1 plugins.
Preloading 0 native plugins for Editor in 0.00 ms.
Initialize engine version: 2020.3.0f1 (c7b5465681fb)
[Subsystems] Discovering subsystems at path C:/Program Files/Unity/Hub/Editor/2020.3.0f1/Editor/Data/Resources/UnitySubsystems
[Subsystems] Discovering subsystems at path C:/Users/sofie/Unity Högskolan i Skövde/Nuclear_Throne_Event/Assets
GfxDevice: creating device client; threaded=0
Direct3D:
    Version:  Direct3D 11.0 [level 11.1]
    Renderer: NVIDIA GeForce RTX 3060 (ID=0x2504)
    Vendor:   
    VRAM:     12142 MB
    Driver:   30.0.15.1295
Initialize mono
Mono path[0] = 'C:/Program Files/Unity/Hub/Editor/2020.3.0f1/Editor/Data/Managed'
Mono path[1] = 'C:/Program Files/Unity/Hub/Editor/2020.3.0f1/Editor/Data/MonoBleedingEdge/lib/mono/unityjit'
Mono config path = 'C:/Program Files/Unity/Hub/Editor/2020.3.0f1/Editor/Data/MonoBleedingEdge/etc'
Using monoOptions --debugger-agent=transport=dt_socket,embedding=1,server=y,suspend=n,address=127.0.0.1:56112
Begin MonoManager ReloadAssembly
Registering precompiled unity dll's ...
Register platform support module: C:/Program Files/Unity/Hub/Editor/2020.3.0f1/Editor/Data/PlaybackEngines/WindowsStandaloneSupport/UnityEditor.WindowsStandalone.Extensions.dll
Registered in 0.001386 seconds.
Native extension for WindowsStandalone target not found
Refreshing native plugins compatible for Editor in 43.08 ms, found 1 plugins.
Preloading 0 native plugins for Editor in 0.00 ms.
Invoked RoslynAnalysisRunner static constructor.
RoslynAnalysisRunner will not be running.
RoslynAnalysisRunner has terminated.
Mono: successfully reloaded assembly
- Completed reload, in  0.849 seconds
Platform modules already initialized, skipping
Registering precompiled user dll's ...
Registered in 0.000897 seconds.
Begin MonoManager ReloadAssembly
Native extension for WindowsStandalone target not found
Refreshing native plugins compatible for Editor in 34.54 ms, found 1 plugins.
Preloading 0 native plugins for Editor in 0.00 ms.
Invoked RoslynAnalysisRunner static constructor.
RoslynAnalysisRunner will not be running.
RoslynAnalysisRunner has terminated.
Mono: successfully reloaded assembly
- Completed reload, in  0.727 seconds
Platform modules already initialized, skipping
========================================================================
Worker process is ready to serve import requests
Launched and connected shader compiler UnityShaderCompiler.exe after 0.03 seconds
Refreshing native plugins compatible for Editor in 0.38 ms, found 1 plugins.
Preloading 0 native plugins for Editor in 0.00 ms.
Unloading 2157 Unused Serialized files (Serialized files now loaded: 0)
System memory in use before: 98.3 MB.
System memory in use after: 98.3 MB.

Unloading 26 unused Assets to reduce memory usage. Loaded Objects now: 2602.
Total: 2.380400 ms (FindLiveObjects: 0.363300 ms CreateObjectMapping: 0.101900 ms MarkObjects: 1.809200 ms  DeleteObjects: 0.104700 ms)

========================================================================
Received Import Request.
  path: Assets/Events/On Bullet Hit.asset
  artifactKey: Guid(5770cd82165563e4fb083efef3d4f7eb) Importer(815301076,1909f56bfc062723c751e8b465ee728b)
Start importing Assets/Events/On Bullet Hit.asset using Guid(5770cd82165563e4fb083efef3d4f7eb) Importer(815301076,1909f56bfc062723c751e8b465ee728b)  -> (artifact id: '71c061f510ceb049c0c6b695c3d7b00f') in 0.029766 seconds
  Import took 0.032952 seconds .

========================================================================
Received Import Request.
  Time since last request: 164.061252 seconds.
  path: Assets/Events/On Bullet Hit Enemy.asset
  artifactKey: Guid(cda7669d25ef6484fb3ae9970917481f) Importer(815301076,1909f56bfc062723c751e8b465ee728b)
Start importing Assets/Events/On Bullet Hit Enemy.asset using Guid(cda7669d25ef6484fb3ae9970917481f) Importer(815301076,1909f56bfc062723c751e8b465ee728b)  -> (artifact id: 'e3100e3b5c1184931d1f453a09d04add') in 0.006874 seconds
  Import took 0.010774 seconds .

========================================================================
Received Import Request.
  Time since last request: 0.001215 seconds.
  path: Assets/Events/On Bullet Hit Enemy.asset
  artifactKey: Guid(cda7669d25ef6484fb3ae9970917481f) Importer(815301076,1909f56bfc062723c751e8b465ee728b)
Start importing Assets/Events/On Bullet Hit Enemy.asset using Guid(cda7669d25ef6484fb3ae9970917481f) Importer(815301076,1909f56bfc062723c751e8b465ee728b)  -> (artifact id: 'e3100e3b5c1184931d1f453a09d04add') in 0.002435 seconds
  Import took 0.005081 seconds .

========================================================================
Received Import Request.
  Time since last request: 6.180705 seconds.
  path: Assets/Events/On Bullet Hit Wall.asset
  artifactKey: Guid(5770cd82165563e4fb083efef3d4f7eb) Importer(815301076,1909f56bfc062723c751e8b465ee728b)
Start importing Assets/Events/On Bullet Hit Wall.asset using Guid(5770cd82165563e4fb083efef3d4f7eb) Importer(815301076,1909f56bfc062723c751e8b465ee728b)  -> (artifact id: '0c3e30d8c2c6ec482f1b1d61da9d7102') in 0.006518 seconds
  Import took 0.009834 seconds .

========================================================================
Received Import Request.
  Time since last request: 0.000893 seconds.
  path: Assets/Events/On Bullet Hit Wall.asset
  artifactKey: Guid(5770cd82165563e4fb083efef3d4f7eb) Importer(815301076,1909f56bfc062723c751e8b465ee728b)
Start importing Assets/Events/On Bullet Hit Wall.asset using Guid(5770cd82165563e4fb083efef3d4f7eb) Importer(815301076,1909f56bfc062723c751e8b465ee728b)  -> (artifact id: '0c3e30d8c2c6ec482f1b1d61da9d7102') in 0.002505 seconds
  Import took 0.005154 seconds .

========================================================================
Received Import Request.
  Time since last request: 77.683524 seconds.
  path: Assets/Scripts/EnemyHit.cs
  artifactKey: Guid(eb31a2d2f45db1d4f85b99062504d956) Importer(815301076,1909f56bfc062723c751e8b465ee728b)
Start importing Assets/Scripts/EnemyHit.cs using Guid(eb31a2d2f45db1d4f85b99062504d956) Importer(815301076,1909f56bfc062723c751e8b465ee728b)  -> (artifact id: '285e2c744fd340bb07f0d4315344571e') in 0.013291 seconds
  Import took 0.016459 seconds .

========================================================================
Received Prepare
Registering precompiled user dll's ...
Registered in 0.001080 seconds.
Begin MonoManager ReloadAssembly
Native extension for WindowsStandalone target not found
Refreshing native plugins compatible for Editor in 0.32 ms, found 1 plugins.
Preloading 0 native plugins for Editor in 0.00 ms.
Invoked RoslynAnalysisRunner static constructor.
RoslynAnalysisRunner will not be running.
RoslynAnalysisRunner has terminated.
Mono: successfully reloaded assembly
- Completed reload, in  0.759 seconds
Platform modules already initialized, skipping
Refreshing native plugins compatible for Editor in 0.33 ms, found 1 plugins.
Preloading 0 native plugins for Editor in 0.00 ms.
Unloading 2139 Unused Serialized files (Serialized files now loaded: 0)
System memory in use before: 97.5 MB.
System memory in use after: 97.5 MB.

Unloading 12 unused Assets to reduce memory usage. Loaded Objects now: 2606.
Total: 3.415400 ms (FindLiveObjects: 0.358800 ms CreateObjectMapping: 0.070100 ms MarkObjects: 2.660000 ms  DeleteObjects: 0.324100 ms)

========================================================================
Received Import Request.
  Time since last request: 59.236219 seconds.
  path: Assets/EventScripts/UIAmmoHandler.cs
  artifactKey: Guid(d2cf6adab5199124a93aa0336c89797f) Importer(815301076,1909f56bfc062723c751e8b465ee728b)
Start importing Assets/EventScripts/UIAmmoHandler.cs using Guid(d2cf6adab5199124a93aa0336c89797f) Importer(815301076,1909f56bfc062723c751e8b465ee728b)  -> (artifact id: '7ccd87f9381416166871addf5a7c98c2') in 0.009242 seconds
  Import took 0.012262 seconds .

========================================================================
Received Prepare
Registering precompiled user dll's ...
Registered in 0.001005 seconds.
Begin MonoManager ReloadAssembly
Native extension for WindowsStandalone target not found
Refreshing native plugins compatible for Editor in 0.32 ms, found 1 plugins.
Preloading 0 native plugins for Editor in 0.00 ms.
Invoked RoslynAnalysisRunner static constructor.
RoslynAnalysisRunner will not be running.
RoslynAnalysisRunner has terminated.
Mono: successfully reloaded assembly
- Completed reload, in  0.637 seconds
Platform modules already initialized, skipping
Refreshing native plugins compatible for Editor in 0.35 ms, found 1 plugins.
Preloading 0 native plugins for Editor in 0.00 ms.
Unloading 2139 Unused Serialized files (Serialized files now loaded: 0)
System memory in use before: 97.5 MB.
System memory in use after: 97.5 MB.

Unloading 12 unused Assets to reduce memory usage. Loaded Objects now: 2610.
Total: 1.761700 ms (FindLiveObjects: 0.154900 ms CreateObjectMapping: 0.065500 ms MarkObjects: 1.438900 ms  DeleteObjects: 0.101100 ms)

========================================================================
Received Import Request.
  Time since last request: 23.770348 seconds.
  path: Assets/Scripts/Scriptable/AmmoData.cs
  artifactKey: Guid(6fd70c8989cfc254f8a2600c7a8eacb9) Importer(815301076,1909f56bfc062723c751e8b465ee728b)
Start importing Assets/Scripts/Scriptable/AmmoData.cs using Guid(6fd70c8989cfc254f8a2600c7a8eacb9) Importer(815301076,1909f56bfc062723c751e8b465ee728b)  -> (artifact id: '7812f290b3a6121fa76b1d54c8c16743') in 0.008361 seconds
  Import took 0.011061 seconds .

========================================================================
Received Import Request.
  Time since last request: 110.878841 seconds.
  path: Assets/Scripts/UIAmmoHandler.cs
  artifactKey: Guid(d2cf6adab5199124a93aa0336c89797f) Importer(815301076,1909f56bfc062723c751e8b465ee728b)
Start importing Assets/Scripts/UIAmmoHandler.cs using Guid(d2cf6adab5199124a93aa0336c89797f) Importer(815301076,1909f56bfc062723c751e8b465ee728b)  -> (artifact id: 'f04c4c6987c724edd7bc94fed0cbb4e6') in 0.002365 seconds
  Import took 0.007936 seconds .

========================================================================
Received Prepare
Registering precompiled user dll's ...
Registered in 0.000926 seconds.
Begin MonoManager ReloadAssembly
Native extension for WindowsStandalone target not found
Refreshing native plugins compatible for Editor in 0.34 ms, found 1 plugins.
Preloading 0 native plugins for Editor in 0.00 ms.
Invoked RoslynAnalysisRunner static constructor.
RoslynAnalysisRunner will not be running.
RoslynAnalysisRunner has terminated.
Mono: successfully reloaded assembly
- Completed reload, in  0.752 seconds
Platform modules already initialized, skipping
Refreshing native plugins compatible for Editor in 0.40 ms, found 1 plugins.
Preloading 0 native plugins for Editor in 0.00 ms.
Unloading 2139 Unused Serialized files (Serialized files now loaded: 0)
System memory in use before: 97.5 MB.
System memory in use after: 97.5 MB.

Unloading 12 unused Assets to reduce memory usage. Loaded Objects now: 2614.
Total: 1.783400 ms (FindLiveObjects: 0.203200 ms CreateObjectMapping: 0.052400 ms MarkObjects: 1.431600 ms  DeleteObjects: 0.094400 ms)

========================================================================
Received Import Request.
  Time since last request: 5.281698 seconds.
  path: Assets/Scripts/UIAmmoHandler.cs
  artifactKey: Guid(d2cf6adab5199124a93aa0336c89797f) Importer(815301076,1909f56bfc062723c751e8b465ee728b)
Start importing Assets/Scripts/UIAmmoHandler.cs using Guid(d2cf6adab5199124a93aa0336c89797f) Importer(815301076,1909f56bfc062723c751e8b465ee728b)  -> (artifact id: '7e36cda37de9c955cdf2262985f18904') in 0.004931 seconds
  Import took 0.008095 seconds .

========================================================================
Received Prepare
Registering precompiled user dll's ...
Registered in 0.000958 seconds.
Begin MonoManager ReloadAssembly
Native extension for WindowsStandalone target not found
Refreshing native plugins compatible for Editor in 1.17 ms, found 1 plugins.
Preloading 0 native plugins for Editor in 0.00 ms.
Invoked RoslynAnalysisRunner static constructor.
RoslynAnalysisRunner will not be running.
RoslynAnalysisRunner has terminated.
Mono: successfully reloaded assembly
- Completed reload, in  0.648 seconds
Platform modules already initialized, skipping
Refreshing native plugins compatible for Editor in 0.35 ms, found 1 plugins.
Preloading 0 native plugins for Editor in 0.00 ms.
Unloading 2139 Unused Serialized files (Serialized files now loaded: 0)
System memory in use before: 97.5 MB.
System memory in use after: 97.5 MB.

Unloading 12 unused Assets to reduce memory usage. Loaded Objects now: 2618.
Total: 1.896900 ms (FindLiveObjects: 0.263700 ms CreateObjectMapping: 0.110600 ms MarkObjects: 1.428200 ms  DeleteObjects: 0.092500 ms)

========================================================================
Received Prepare
Registering precompiled user dll's ...
Registered in 0.001036 seconds.
Begin MonoManager ReloadAssembly
Native extension for WindowsStandalone target not found
Refreshing native plugins compatible for Editor in 0.33 ms, found 1 plugins.
Preloading 0 native plugins for Editor in 0.00 ms.
Invoked RoslynAnalysisRunner static constructor.
RoslynAnalysisRunner will not be running.
RoslynAnalysisRunner has terminated.
Mono: successfully reloaded assembly
- Completed reload, in  0.695 seconds
Platform modules already initialized, skipping
Refreshing native plugins compatible for Editor in 0.35 ms, found 1 plugins.
Preloading 0 native plugins for Editor in 0.00 ms.
Unloading 2139 Unused Serialized files (Serialized files now loaded: 0)
System memory in use before: 97.6 MB.
System memory in use after: 97.6 MB.

Unloading 12 unused Assets to reduce memory usage. Loaded Objects now: 2622.
Total: 2.056700 ms (FindLiveObjects: 0.457800 ms CreateObjectMapping: 0.152600 ms MarkObjects: 1.357200 ms  DeleteObjects: 0.087500 ms)

========================================================================
Received Import Request.
  Time since last request: 263.698224 seconds.
  path: Assets/Prefabs/Bullet.controller
  artifactKey: Guid(7049da458c6261143b231d30779b87ce) Importer(815301076,1909f56bfc062723c751e8b465ee728b)
Start importing Assets/Prefabs/Bullet.controller using Guid(7049da458c6261143b231d30779b87ce) Importer(815301076,1909f56bfc062723c751e8b465ee728b)  -> (artifact id: 'e26a5aa06f89771e332a58c196633b2b') in 0.019715 seconds
  Import took 0.023287 seconds .

========================================================================
Received Prepare
Registering precompiled user dll's ...
Registered in 0.001409 seconds.
Begin MonoManager ReloadAssembly
Native extension for WindowsStandalone target not found
Refreshing native plugins compatible for Editor in 0.35 ms, found 1 plugins.
Preloading 0 native plugins for Editor in 0.00 ms.
Invoked RoslynAnalysisRunner static constructor.
RoslynAnalysisRunner will not be running.
RoslynAnalysisRunner has terminated.
Mono: successfully reloaded assembly
- Completed reload, in  0.657 seconds
Platform modules already initialized, skipping
Refreshing native plugins compatible for Editor in 0.35 ms, found 1 plugins.
Preloading 0 native plugins for Editor in 0.00 ms.
Unloading 2139 Unused Serialized files (Serialized files now loaded: 0)
System memory in use before: 97.6 MB.
System memory in use after: 97.6 MB.

Unloading 12 unused Assets to reduce memory usage. Loaded Objects now: 2626.
Total: 2.553800 ms (FindLiveObjects: 0.271200 ms CreateObjectMapping: 0.058100 ms MarkObjects: 2.082400 ms  DeleteObjects: 0.141300 ms)

========================================================================
Received Prepare
Registering precompiled user dll's ...
Registered in 0.000912 seconds.
Begin MonoManager ReloadAssembly
Native extension for WindowsStandalone target not found
Refreshing native plugins compatible for Editor in 0.43 ms, found 1 plugins.
Preloading 0 native plugins for Editor in 0.00 ms.
Invoked RoslynAnalysisRunner static constructor.
RoslynAnalysisRunner will not be running.
RoslynAnalysisRunner has terminated.
Mono: successfully reloaded assembly
- Completed reload, in  0.691 seconds
Platform modules already initialized, skipping
Refreshing native plugins compatible for Editor in 0.33 ms, found 1 plugins.
Preloading 0 native plugins for Editor in 0.00 ms.
Unloading 2139 Unused Serialized files (Serialized files now loaded: 0)
System memory in use before: 97.6 MB.
System memory in use after: 97.6 MB.

Unloading 12 unused Assets to reduce memory usage. Loaded Objects now: 2630.
Total: 2.082800 ms (FindLiveObjects: 0.192800 ms CreateObjectMapping: 0.045000 ms MarkObjects: 1.757900 ms  DeleteObjects: 0.086100 ms)

========================================================================
Received Prepare
Registering precompiled user dll's ...
Registered in 0.000961 seconds.
Begin MonoManager ReloadAssembly
Native extension for WindowsStandalone target not found
Refreshing native plugins compatible for Editor in 0.33 ms, found 1 plugins.
Preloading 0 native plugins for Editor in 0.00 ms.
Invoked RoslynAnalysisRunner static constructor.
RoslynAnalysisRunner will not be running.
RoslynAnalysisRunner has terminated.
Mono: successfully reloaded assembly
- Completed reload, in  0.644 seconds
Platform modules already initialized, skipping
Refreshing native plugins compatible for Editor in 0.35 ms, found 1 plugins.
Preloading 0 native plugins for Editor in 0.00 ms.
Unloading 2139 Unused Serialized files (Serialized files now loaded: 0)
System memory in use before: 97.6 MB.
System memory in use after: 97.6 MB.

Unloading 12 unused Assets to reduce memory usage. Loaded Objects now: 2634.
Total: 1.674200 ms (FindLiveObjects: 0.165800 ms CreateObjectMapping: 0.058200 ms MarkObjects: 1.339200 ms  DeleteObjects: 0.109500 ms)

========================================================================
Received Prepare
Registering precompiled user dll's ...
Registered in 0.000991 seconds.
Begin MonoManager ReloadAssembly
Native extension for WindowsStandalone target not found
Refreshing native plugins compatible for Editor in 0.35 ms, found 1 plugins.
Preloading 0 native plugins for Editor in 0.00 ms.
Invoked RoslynAnalysisRunner static constructor.
RoslynAnalysisRunner will not be running.
RoslynAnalysisRunner has terminated.
Mono: successfully reloaded assembly
- Completed reload, in  0.672 seconds
Platform modules already initialized, skipping
Refreshing native plugins compatible for Editor in 0.35 ms, found 1 plugins.
Preloading 0 native plugins for Editor in 0.00 ms.
Unloading 2139 Unused Serialized files (Serialized files now loaded: 0)
System memory in use before: 97.6 MB.
System memory in use after: 97.6 MB.

Unloading 12 unused Assets to reduce memory usage. Loaded Objects now: 2638.
Total: 1.895700 ms (FindLiveObjects: 0.228000 ms CreateObjectMapping: 0.092300 ms MarkObjects: 1.479100 ms  DeleteObjects: 0.094900 ms)

========================================================================
Received Import Request.
  Time since last request: 1267.541831 seconds.
  path: Assets/Prefabs/destroyBullet.anim
  artifactKey: Guid(a458859965e49d0499d82811a2eb5c97) Importer(815301076,1909f56bfc062723c751e8b465ee728b)
Start importing Assets/Prefabs/destroyBullet.anim using Guid(a458859965e49d0499d82811a2eb5c97) Importer(815301076,1909f56bfc062723c751e8b465ee728b)  -> (artifact id: 'b9d8ea6c4de0a89dd04d2a40d40d0488') in 0.016674 seconds
  Import took 0.020109 seconds .

========================================================================
Received Import Request.
  Time since last request: 0.003574 seconds.
  path: Assets/Prefabs/destroyBullet.anim
  artifactKey: Guid(a458859965e49d0499d82811a2eb5c97) Importer(815301076,1909f56bfc062723c751e8b465ee728b)
Start importing Assets/Prefabs/destroyBullet.anim using Guid(a458859965e49d0499d82811a2eb5c97) Importer(815301076,1909f56bfc062723c751e8b465ee728b)  -> (artifact id: 'b9d8ea6c4de0a89dd04d2a40d40d0488') in 0.002390 seconds
  Import took 0.005551 seconds .

========================================================================
Received Prepare
Registering precompiled user dll's ...
Registered in 0.000866 seconds.
Begin MonoManager ReloadAssembly
Native extension for WindowsStandalone target not found
Refreshing native plugins compatible for Editor in 0.35 ms, found 1 plugins.
Preloading 0 native plugins for Editor in 0.00 ms.
Invoked RoslynAnalysisRunner static constructor.
RoslynAnalysisRunner will not be running.
RoslynAnalysisRunner has terminated.
Mono: successfully reloaded assembly
- Completed reload, in  0.703 seconds
Platform modules already initialized, skipping
Refreshing native plugins compatible for Editor in 0.38 ms, found 1 plugins.
Preloading 0 native plugins for Editor in 0.00 ms.
Unloading 2139 Unused Serialized files (Serialized files now loaded: 0)
System memory in use before: 97.6 MB.
System memory in use after: 97.6 MB.

Unloading 12 unused Assets to reduce memory usage. Loaded Objects now: 2642.
Total: 1.655100 ms (FindLiveObjects: 0.150400 ms CreateObjectMapping: 0.049300 ms MarkObjects: 1.355100 ms  DeleteObjects: 0.099400 ms)

========================================================================
Received Prepare
Registering precompiled user dll's ...
Registered in 0.000899 seconds.
Begin MonoManager ReloadAssembly
Native extension for WindowsStandalone target not found
Refreshing native plugins compatible for Editor in 0.35 ms, found 1 plugins.
Preloading 0 native plugins for Editor in 0.00 ms.
Invoked RoslynAnalysisRunner static constructor.
RoslynAnalysisRunner will not be running.
RoslynAnalysisRunner has terminated.
Mono: successfully reloaded assembly
- Completed reload, in  0.665 seconds
Platform modules already initialized, skipping
Refreshing native plugins compatible for Editor in 0.35 ms, found 1 plugins.
Preloading 0 native plugins for Editor in 0.00 ms.
Unloading 2139 Unused Serialized files (Serialized files now loaded: 0)
System memory in use before: 97.6 MB.
System memory in use after: 97.6 MB.

Unloading 12 unused Assets to reduce memory usage. Loaded Objects now: 2646.
Total: 1.700000 ms (FindLiveObjects: 0.154100 ms CreateObjectMapping: 0.056400 ms MarkObjects: 1.401000 ms  DeleteObjects: 0.087400 ms)

========================================================================
Received Prepare
Registering precompiled user dll's ...
Registered in 0.000915 seconds.
Begin MonoManager ReloadAssembly
Native extension for WindowsStandalone target not found
Refreshing native plugins compatible for Editor in 0.33 ms, found 1 plugins.
Preloading 0 native plugins for Editor in 0.00 ms.
Invoked RoslynAnalysisRunner static constructor.
RoslynAnalysisRunner will not be running.
RoslynAnalysisRunner has terminated.
Mono: successfully reloaded assembly
- Completed reload, in  0.669 seconds
Platform modules already initialized, skipping
Refreshing native plugins compatible for Editor in 0.33 ms, found 1 plugins.
Preloading 0 native plugins for Editor in 0.00 ms.
Unloading 2139 Unused Serialized files (Serialized files now loaded: 0)
System memory in use before: 97.7 MB.
System memory in use after: 97.6 MB.

Unloading 12 unused Assets to reduce memory usage. Loaded Objects now: 2650.
Total: 2.204500 ms (FindLiveObjects: 0.193100 ms CreateObjectMapping: 0.063500 ms MarkObjects: 1.855600 ms  DeleteObjects: 0.091500 ms)

========================================================================
Received Import Request.
  Time since last request: 525.834623 seconds.
  path: ProjectSettings/TagManager.asset
  artifactKey: Guid(00000000000000003000000000000000) Importer(815301076,1909f56bfc062723c751e8b465ee728b)
Start importing ProjectSettings/TagManager.asset using Guid(00000000000000003000000000000000) Importer(815301076,1909f56bfc062723c751e8b465ee728b)  -> (artifact id: '8b07310a92e7ed07d64dac26e9d9d9a9') in 0.021524 seconds
  Import took 0.024989 seconds .

========================================================================
Received Prepare
Registering precompiled user dll's ...
Registered in 0.001013 seconds.
Begin MonoManager ReloadAssembly
Native extension for WindowsStandalone target not found
Refreshing native plugins compatible for Editor in 0.32 ms, found 1 plugins.
Preloading 0 native plugins for Editor in 0.00 ms.
Invoked RoslynAnalysisRunner static constructor.
RoslynAnalysisRunner will not be running.
RoslynAnalysisRunner has terminated.
Mono: successfully reloaded assembly
- Completed reload, in  0.623 seconds
Platform modules already initialized, skipping
Refreshing native plugins compatible for Editor in 0.34 ms, found 1 plugins.
Preloading 0 native plugins for Editor in 0.00 ms.
Unloading 2139 Unused Serialized files (Serialized files now loaded: 0)
System memory in use before: 97.7 MB.
System memory in use after: 97.7 MB.

Unloading 13 unused Assets to reduce memory usage. Loaded Objects now: 2654.
Total: 1.801900 ms (FindLiveObjects: 0.173300 ms CreateObjectMapping: 0.057300 ms MarkObjects: 1.451900 ms  DeleteObjects: 0.118200 ms)

========================================================================
Received Prepare
Registering precompiled user dll's ...
Registered in 0.001032 seconds.
Begin MonoManager ReloadAssembly
Native extension for WindowsStandalone target not found
Refreshing native plugins compatible for Editor in 0.36 ms, found 1 plugins.
Preloading 0 native plugins for Editor in 0.00 ms.
Invoked RoslynAnalysisRunner static constructor.
RoslynAnalysisRunner will not be running.
RoslynAnalysisRunner has terminated.
Mono: successfully reloaded assembly
- Completed reload, in  0.857 seconds
Platform modules already initialized, skipping
Refreshing native plugins compatible for Editor in 0.34 ms, found 1 plugins.
Preloading 0 native plugins for Editor in 0.00 ms.
Unloading 2139 Unused Serialized files (Serialized files now loaded: 0)
System memory in use before: 97.7 MB.
System memory in use after: 97.7 MB.

Unloading 12 unused Assets to reduce memory usage. Loaded Objects now: 2658.
Total: 2.720500 ms (FindLiveObjects: 0.277900 ms CreateObjectMapping: 0.082900 ms MarkObjects: 2.220000 ms  DeleteObjects: 0.137900 ms)

========================================================================
Received Prepare
Registering precompiled user dll's ...
Registered in 0.000927 seconds.
Begin MonoManager ReloadAssembly
Native extension for WindowsStandalone target not found
Refreshing native plugins compatible for Editor in 0.43 ms, found 1 plugins.
Preloading 0 native plugins for Editor in 0.00 ms.
Invoked RoslynAnalysisRunner static constructor.
RoslynAnalysisRunner will not be running.
RoslynAnalysisRunner has terminated.
Mono: successfully reloaded assembly
- Completed reload, in  0.756 seconds
Platform modules already initialized, skipping
Refreshing native plugins compatible for Editor in 0.43 ms, found 1 plugins.
Preloading 0 native plugins for Editor in 0.00 ms.
Unloading 2139 Unused Serialized files (Serialized files now loaded: 0)
System memory in use before: 97.7 MB.
System memory in use after: 97.7 MB.

Unloading 12 unused Assets to reduce memory usage. Loaded Objects now: 2662.
Total: 1.660400 ms (FindLiveObjects: 0.196400 ms CreateObjectMapping: 0.044500 ms MarkObjects: 1.323700 ms  DeleteObjects: 0.094600 ms)

========================================================================
Received Prepare
Registering precompiled user dll's ...
Registered in 0.000933 seconds.
Begin MonoManager ReloadAssembly
Native extension for WindowsStandalone target not found
Refreshing native plugins compatible for Editor in 0.33 ms, found 1 plugins.
Preloading 0 native plugins for Editor in 0.00 ms.
Invoked RoslynAnalysisRunner static constructor.
RoslynAnalysisRunner will not be running.
RoslynAnalysisRunner has terminated.
Mono: successfully reloaded assembly
- Completed reload, in  0.667 seconds
Platform modules already initialized, skipping
Refreshing native plugins compatible for Editor in 0.32 ms, found 1 plugins.
Preloading 0 native plugins for Editor in 0.00 ms.
Unloading 2139 Unused Serialized files (Serialized files now loaded: 0)
System memory in use before: 97.7 MB.
System memory in use after: 97.7 MB.

Unloading 12 unused Assets to reduce memory usage. Loaded Objects now: 2666.
Total: 2.070000 ms (FindLiveObjects: 0.239600 ms CreateObjectMapping: 0.037100 ms MarkObjects: 1.698100 ms  DeleteObjects: 0.093000 ms)

========================================================================
Received Prepare
Registering precompiled user dll's ...
Registered in 0.001244 seconds.
Begin MonoManager ReloadAssembly
Native extension for WindowsStandalone target not found
Refreshing native plugins compatible for Editor in 0.35 ms, found 1 plugins.
Preloading 0 native plugins for Editor in 0.00 ms.
Invoked RoslynAnalysisRunner static constructor.
RoslynAnalysisRunner will not be running.
RoslynAnalysisRunner has terminated.
Mono: successfully reloaded assembly
- Completed reload, in  0.680 seconds
Platform modules already initialized, skipping
Refreshing native plugins compatible for Editor in 0.33 ms, found 1 plugins.
Preloading 0 native plugins for Editor in 0.00 ms.
Unloading 2139 Unused Serialized files (Serialized files now loaded: 0)
System memory in use before: 97.7 MB.
System memory in use after: 97.7 MB.

Unloading 12 unused Assets to reduce memory usage. Loaded Objects now: 2670.
Total: 2.039700 ms (FindLiveObjects: 0.299600 ms CreateObjectMapping: 0.079900 ms MarkObjects: 1.559000 ms  DeleteObjects: 0.099900 ms)

========================================================================
Received Prepare
Registering precompiled user dll's ...
Registered in 0.000887 seconds.
Begin MonoManager ReloadAssembly
Native extension for WindowsStandalone target not found
Refreshing native plugins compatible for Editor in 0.34 ms, found 1 plugins.
Preloading 0 native plugins for Editor in 0.00 ms.
Invoked RoslynAnalysisRunner static constructor.
RoslynAnalysisRunner will not be running.
RoslynAnalysisRunner has terminated.
Mono: successfully reloaded assembly
- Completed reload, in  0.673 seconds
Platform modules already initialized, skipping
Refreshing native plugins compatible for Editor in 0.34 ms, found 1 plugins.
Preloading 0 native plugins for Editor in 0.00 ms.
Unloading 2139 Unused Serialized files (Serialized files now loaded: 0)
System memory in use before: 97.7 MB.
System memory in use after: 97.7 MB.

Unloading 12 unused Assets to reduce memory usage. Loaded Objects now: 2674.
Total: 2.444900 ms (FindLiveObjects: 0.572500 ms CreateObjectMapping: 0.101200 ms MarkObjects: 1.614300 ms  DeleteObjects: 0.153600 ms)

========================================================================
Received Prepare
Registering precompiled user dll's ...
Registered in 0.001543 seconds.
Begin MonoManager ReloadAssembly
Native extension for WindowsStandalone target not found
Refreshing native plugins compatible for Editor in 0.52 ms, found 1 plugins.
Preloading 0 native plugins for Editor in 0.00 ms.
Invoked RoslynAnalysisRunner static constructor.
RoslynAnalysisRunner will not be running.
RoslynAnalysisRunner has terminated.
Mono: successfully reloaded assembly
- Completed reload, in  0.707 seconds
Platform modules already initialized, skipping
Refreshing native plugins compatible for Editor in 0.33 ms, found 1 plugins.
Preloading 0 native plugins for Editor in 0.00 ms.
Unloading 2139 Unused Serialized files (Serialized files now loaded: 0)
System memory in use before: 97.7 MB.
System memory in use after: 97.7 MB.

Unloading 12 unused Assets to reduce memory usage. Loaded Objects now: 2678.
Total: 1.643300 ms (FindLiveObjects: 0.259000 ms CreateObjectMapping: 0.115500 ms MarkObjects: 1.174900 ms  DeleteObjects: 0.092300 ms)

========================================================================
Received Prepare
Registering precompiled user dll's ...
Registered in 0.000883 seconds.
Begin MonoManager ReloadAssembly
Native extension for WindowsStandalone target not found
Refreshing native plugins compatible for Editor in 0.32 ms, found 1 plugins.
Preloading 0 native plugins for Editor in 0.00 ms.
Invoked RoslynAnalysisRunner static constructor.
RoslynAnalysisRunner will not be running.
RoslynAnalysisRunner has terminated.
Mono: successfully reloaded assembly
- Completed reload, in  0.652 seconds
Platform modules already initialized, skipping
Refreshing native plugins compatible for Editor in 0.33 ms, found 1 plugins.
Preloading 0 native plugins for Editor in 0.00 ms.
Unloading 2139 Unused Serialized files (Serialized files now loaded: 0)
System memory in use before: 97.7 MB.
System memory in use after: 97.7 MB.

Unloading 12 unused Assets to reduce memory usage. Loaded Objects now: 2682.
Total: 2.127500 ms (FindLiveObjects: 0.191100 ms CreateObjectMapping: 0.086100 ms MarkObjects: 1.728800 ms  DeleteObjects: 0.120000 ms)

========================================================================
Received Prepare
Registering precompiled user dll's ...
Registered in 0.001197 seconds.
Begin MonoManager ReloadAssembly
Native extension for WindowsStandalone target not found
Refreshing native plugins compatible for Editor in 0.32 ms, found 1 plugins.
Preloading 0 native plugins for Editor in 0.00 ms.
Invoked RoslynAnalysisRunner static constructor.
RoslynAnalysisRunner will not be running.
RoslynAnalysisRunner has terminated.
Mono: successfully reloaded assembly
- Completed reload, in  0.676 seconds
Platform modules already initialized, skipping
Refreshing native plugins compatible for Editor in 0.34 ms, found 1 plugins.
Preloading 0 native plugins for Editor in 0.00 ms.
Unloading 2139 Unused Serialized files (Serialized files now loaded: 0)
System memory in use before: 97.7 MB.
System memory in use after: 97.7 MB.

Unloading 12 unused Assets to reduce memory usage. Loaded Objects now: 2686.
Total: 1.965800 ms (FindLiveObjects: 0.216600 ms CreateObjectMapping: 0.101400 ms MarkObjects: 1.536900 ms  DeleteObjects: 0.109100 ms)

AssetImportWorkerClient::OnTransportError - code=2 error=End of file
